ERROR   2020-10-12 18:10:15,597 [http-nio-8080-exec-7] system.controllers.FilterDispatcher  - Error at FilterDispatcher: The absolute uri: [http://java.sun.com/jsp/jstl/core] cannot be resolved in either web.xml or the jar files deployed with this application
ERROR   2020-10-12 18:10:50,362 [http-nio-8080-exec-2] system.controllers.FilterDispatcher  - Error at FilterDispatcher: The absolute uri: [http://java.sun.com/jsp/jstl/core] cannot be resolved in either web.xml or the jar files deployed with this application
ERROR   2020-10-12 18:11:03,662 [http-nio-8080-exec-3] system.controllers.FilterDispatcher  - Error at FilterDispatcher: The absolute uri: [http://java.sun.com/jsp/jstl/core] cannot be resolved in either web.xml or the jar files deployed with this application
ERROR   2020-10-12 18:12:16,203 [http-nio-8080-exec-20] system.controllers.RegisterController  - Error at RegisterController: Violation of PRIMARY KEY constraint 'PK__Account__536C85E52A387C31'. Cannot insert duplicate key in object 'dbo.Account'. The duplicate key value is (phamlephucanh@yahoo.com.vn).
ERROR   2020-10-15 15:06:47,272 [http-nio-8080-exec-46] system.controllers.CreateProductController  - Error Save File at CreateProductController: Destination 'F:\Study\CN5\Java_Web_Lab_321\J3.L.P0011_YellowMoonShop\build\web\img\classic.jpg' already exists
ERROR   2020-10-15 15:06:47,274 [http-nio-8080-exec-46] system.controllers.CreateProductController  - Error at CreateProductController: null
ERROR   2020-10-15 15:08:11,824 [http-nio-8080-exec-50] system.controllers.CreateProductController  - Error at CreateProductController: null
ERROR   2020-10-15 15:09:58,301 [http-nio-8080-exec-55] system.controllers.CreateProductController  - Error at CreateProductController: null
ERROR   2020-10-15 15:11:26,810 [http-nio-8080-exec-63] system.controllers.CreateProductController  - Error Save File at CreateProductController: Destination 'F:\Study\CN5\Java_Web_Lab_321\J3.L.P0011_YellowMoonShop\build\web\img\greentea.jpg' already exists
ERROR   2020-10-15 15:11:26,811 [http-nio-8080-exec-63] system.controllers.CreateProductController  - Error at CreateProductController: null
ERROR   2020-10-15 15:11:59,431 [http-nio-8080-exec-68] system.controllers.CreateProductController  - Error Save File at CreateProductController: Destination 'F:\Study\CN5\Java_Web_Lab_321\J3.L.P0011_YellowMoonShop\build\web\img\classic.jpg' already exists
ERROR   2020-10-15 15:11:59,445 [http-nio-8080-exec-68] system.controllers.CreateProductController  - Error at CreateProductController: The INSERT statement conflicted with the FOREIGN KEY constraint "FK__Products__Catego__6A30C649". The conflict occurred in database "YellowMoonShop", table "dbo.Categories", column 'CategoryID'.
ERROR   2020-10-15 15:13:57,409 [http-nio-8080-exec-81] system.controllers.CreateProductController  - Error Save File at CreateProductController: Destination 'F:\Study\CN5\Java_Web_Lab_321\J3.L.P0011_YellowMoonShop\build\web\img\tiramisu.jpg' already exists
ERROR   2020-10-15 15:24:15,165 [http-nio-8080-exec-95] system.controllers.CreateProductController  - Error Save File at CreateProductController: Destination 'F:\Study\CN5\Java_Web_Lab_321\J3.L.P0011_YellowMoonShop\build\web\img\classic.jpg' already exists
ERROR   2020-10-15 15:24:15,167 [http-nio-8080-exec-95] system.controllers.CreateProductController  - Error at CreateProductController: null
ERROR   2020-10-15 15:28:36,872 [http-nio-8080-exec-105] system.controllers.CreateProductController  - Error at CreateProductController: null
ERROR   2020-10-15 15:29:11,934 [http-nio-8080-exec-120] system.controllers.CreateProductController  - Error at CreateProductController: null
ERROR   2020-10-15 15:30:33,190 [http-nio-8080-exec-123] system.controllers.CreateProductController  - Error at CreateProductController: null
ERROR   2020-10-15 15:34:43,687 [http-nio-8080-exec-143] system.controllers.CreateProductController  - Error Save File at CreateProductController: Destination 'F:\Study\CN5\Java_Web_Lab_321\J3.L.P0011_YellowMoonShop\build\web\img\classic.jpg' already exists
ERROR   2020-10-15 15:34:43,692 [http-nio-8080-exec-143] system.controllers.CreateProductController  - Error at CreateProductController: The INSERT statement conflicted with the FOREIGN KEY constraint "FK__Products__Catego__6A30C649". The conflict occurred in database "YellowMoonShop", table "dbo.Categories", column 'CategoryID'.
ERROR   2020-10-15 15:37:01,182 [http-nio-8080-exec-150] system.controllers.CreateProductController  - Error at CreateProductController: The INSERT statement conflicted with the FOREIGN KEY constraint "FK__Products__Catego__6A30C649". The conflict occurred in database "YellowMoonShop", table "dbo.Categories", column 'CategoryID'.
ERROR   2020-10-15 15:38:15,080 [http-nio-8080-exec-164] system.controllers.CreateProductController  - Error Save File at CreateProductController: Destination 'F:\Study\CN5\Java_Web_Lab_321\J3.L.P0011_YellowMoonShop\build\web\img\classic.jpg' already exists
ERROR   2020-10-15 15:43:48,535 [http-nio-8080-exec-194] system.controllers.CreateProductController  - Error at CreateProductController: null
ERROR   2020-10-15 15:49:27,433 [http-nio-8080-exec-198] system.controllers.CreateProductController  - Error Save File at CreateProductController: Destination 'F:\Study\CN5\Java_Web_Lab_321\J3.L.P0011_YellowMoonShop\build\web\img\classic.jpg' already exists
ERROR   2020-10-15 15:49:27,434 [http-nio-8080-exec-198] system.controllers.CreateProductController  - Error at CreateProductController: null
ERROR   2020-10-15 15:51:33,698 [http-nio-8080-exec-220] system.controllers.CreateProductController  - Error at CreateProductController: null
ERROR   2020-10-15 15:52:12,355 [http-nio-8080-exec-223] system.controllers.CreateProductController  - Error at CreateProductController: null
ERROR   2020-10-15 15:52:45,171 [http-nio-8080-exec-235] system.controllers.CreateProductController  - Error at CreateProductController: null
ERROR   2020-10-15 15:54:50,194 [http-nio-8080-exec-232] system.controllers.CreateProductController  - Error at CreateProductController: null
ERROR   2020-10-15 16:19:57,243 [http-nio-8080-exec-270] system.controllers.CreateProductController  - Error at CreateProductController: the request doesn't contain a multipart/form-data or multipart/mixed stream, content type header is application/x-www-form-urlencoded
ERROR   2020-10-15 16:22:26,297 [http-nio-8080-exec-279] system.controllers.CreateProductController  - Error at CreateProductController: the request doesn't contain a multipart/form-data or multipart/mixed stream, content type header is application/x-www-form-urlencoded
ERROR   2020-10-15 16:30:02,547 [http-nio-8080-exec-287] system.controllers.CreateProductController  - Error at CreateProductController: the request doesn't contain a multipart/form-data or multipart/mixed stream, content type header is application/x-www-form-urlencoded
ERROR   2020-10-15 16:51:52,562 [http-nio-8080-exec-320] system.controllers.CreateProductController  - Error at CreateProductController: null
ERROR   2020-10-15 16:53:18,782 [http-nio-8080-exec-326] system.controllers.CreateProductController  - Error at CreateProductController: Destination 'F:\Study\CN5\Java_Web_Lab_321\J3.L.P0011_YellowMoonShop\build\web\img\classic.jpg' already exists
ERROR   2020-10-15 16:53:56,717 [http-nio-8080-exec-321] system.controllers.CreateProductController  - Error at CreateProductController: java.lang.String cannot be cast to java.lang.Float
ERROR   2020-10-15 16:55:14,699 [http-nio-8080-exec-334] system.controllers.CreateProductController  - Error at CreateProductController: java.lang.String cannot be cast to java.lang.Integer
ERROR   2020-10-15 17:46:16,210 [http-nio-8080-exec-445] system.controllers.UpdateProductController  - Error at UpdateProductController: null
ERROR   2020-10-15 17:46:53,514 [http-nio-8080-exec-441] system.controllers.UpdateProductController  - Error at UpdateProductController: Destination 'F:\Study\CN5\Java_Web_Lab_321\J3.L.P0011_YellowMoonShop\build\web\img\greentea.jpg' already exists
ERROR   2020-10-15 17:49:12,693 [http-nio-8080-exec-456] system.controllers.UpdateProductController  - Error at UpdateProductController: F:\Study\CN5\Java_Web_Lab_321\J3.L.P0011_YellowMoonShop\build\web\img (Access is denied)
ERROR   2020-10-15 17:57:34,283 [http-nio-8080-exec-461] system.controllers.UpdateProductController  - Error at UpdateProductController: F:\Study\CN5\Java_Web_Lab_321\J3.L.P0011_YellowMoonShop\build\web\img (Access is denied)
ERROR   2020-10-15 17:58:18,956 [http-nio-8080-exec-457] system.controllers.UpdateProductController  - Error at UpdateProductController: Destination 'F:\Study\CN5\Java_Web_Lab_321\J3.L.P0011_YellowMoonShop\build\web\img\tiramisu.jpg' already exists
ERROR   2020-10-15 17:59:12,662 [http-nio-8080-exec-474] system.controllers.UpdateProductController  - Error at UpdateProductController: F:\Study\CN5\Java_Web_Lab_321\J3.L.P0011_YellowMoonShop\build\web\img (Access is denied)
ERROR   2020-10-15 18:11:31,453 [http-nio-8080-exec-483] system.controllers.UpdateProductController  - Error at UpdateProductController: Destination 'F:\Study\CN5\Java_Web_Lab_321\J3.L.P0011_YellowMoonShop\build\web\img\tiramisu.jpg' already exists
ERROR   2020-10-15 18:13:13,692 [http-nio-8080-exec-491] system.controllers.UpdateProductController  - Error at UpdateProductController: Destination 'F:\Study\CN5\Java_Web_Lab_321\J3.L.P0011_YellowMoonShop\build\web\img\tiramisu.jpg' already exists
ERROR   2020-10-15 18:14:53,720 [http-nio-8080-exec-495] system.controllers.UpdateProductController  - Error at UpdateProductController: Source 'C:\Program Files\Apache Software Foundation\apache-tomcat-8.5.58\temp\upload_233dd549_9378_4118_b437_39e48d2ab788_00000005.tmp' does not exist
ERROR   2020-10-15 18:17:22,619 [http-nio-8080-exec-508] system.controllers.UpdateProductController  - Error at UpdateProductController: Source 'C:\Program Files\Apache Software Foundation\apache-tomcat-8.5.58\temp\upload_21ca41e5_f709_48ed_b81e_8b1d1468a3f0_00000035.tmp' does not exist
ERROR   2020-10-15 18:19:09,151 [http-nio-8080-exec-517] system.controllers.UpdateProductController  - Error at UpdateProductController: Destination 'F:\Study\CN5\Java_Web_Lab_321\J3.L.P0011_YellowMoonShop\build\web\img\tiramisu-mooncake.jpg' already exists
ERROR   2020-10-15 18:19:47,313 [http-nio-8080-exec-523] system.controllers.UpdateProductController  - Error at UpdateProductController: Destination 'F:\Study\CN5\Java_Web_Lab_321\J3.L.P0011_YellowMoonShop\build\web\img\tiramisu-mooncake.jpg' already exists
ERROR   2020-10-15 18:20:25,473 [http-nio-8080-exec-529] system.controllers.UpdateProductController  - Error at UpdateProductController: Destination 'F:\Study\CN5\Java_Web_Lab_321\J3.L.P0011_YellowMoonShop\build\web\img\tiramisu.jpg' already exists
ERROR   2020-10-15 18:30:15,980 [http-nio-8080-exec-579] system.controllers.UpdateProductController  - Error at UpdateProductController: F:\Study\CN5\Java_Web_Lab_321\J3.L.P0011_YellowMoonShop\build\web\img (Access is denied)
ERROR   2020-10-16 15:06:30,163 [http-nio-8080-exec-66] system.controllers.GetProductController  - Error at GetProductController: Incorrect syntax near '|'.
ERROR   2020-10-16 15:06:48,999 [http-nio-8080-exec-71] system.controllers.GetProductController  - Error at GetProductController: Incorrect syntax near '|'.
ERROR   2020-10-16 15:06:49,436 [http-nio-8080-exec-52] system.controllers.GetProductController  - Error at GetProductController: Incorrect syntax near '|'.
ERROR   2020-10-16 15:06:49,883 [http-nio-8080-exec-64] system.controllers.GetProductController  - Error at GetProductController: Incorrect syntax near '|'.
ERROR   2020-10-16 15:08:00,736 [http-nio-8080-exec-72] system.controllers.GetProductController  - Error at GetProductController: Incorrect syntax near '|'.
ERROR   2020-10-16 15:09:45,588 [http-nio-8080-exec-72] system.controllers.GetProductController  - Error at GetProductController: Incorrect syntax near '|'.
ERROR   2020-10-16 15:09:46,091 [http-nio-8080-exec-85] system.controllers.GetProductController  - Error at GetProductController: Incorrect syntax near '|'.
ERROR   2020-10-16 15:09:46,238 [http-nio-8080-exec-80] system.controllers.GetProductController  - Error at GetProductController: Incorrect syntax near '|'.
ERROR   2020-10-16 15:09:46,397 [http-nio-8080-exec-76] system.controllers.GetProductController  - Error at GetProductController: Incorrect syntax near '|'.
ERROR   2020-10-16 15:09:46,554 [http-nio-8080-exec-77] system.controllers.GetProductController  - Error at GetProductController: Incorrect syntax near '|'.
ERROR   2020-10-16 15:09:47,887 [http-nio-8080-exec-86] system.controllers.GetProductController  - Error at GetProductController: Incorrect syntax near '|'.
ERROR   2020-10-16 15:09:48,495 [http-nio-8080-exec-82] system.controllers.GetProductController  - Error at GetProductController: Incorrect syntax near '|'.
ERROR   2020-10-16 15:09:48,808 [http-nio-8080-exec-85] system.controllers.GetProductController  - Error at GetProductController: Incorrect syntax near '|'.
ERROR   2020-10-16 15:09:49,048 [http-nio-8080-exec-78] system.controllers.GetProductController  - Error at GetProductController: Incorrect syntax near '|'.
ERROR   2020-10-16 15:09:49,494 [http-nio-8080-exec-80] system.controllers.GetProductController  - Error at GetProductController: Incorrect syntax near '|'.
ERROR   2020-10-16 15:09:49,652 [http-nio-8080-exec-81] system.controllers.GetProductController  - Error at GetProductController: Incorrect syntax near '|'.
ERROR   2020-10-16 15:10:03,545 [http-nio-8080-exec-87] system.controllers.GetProductController  - Error at GetProductController: Incorrect syntax near '|'.
ERROR   2020-10-16 15:10:03,955 [http-nio-8080-exec-86] system.controllers.GetProductController  - Error at GetProductController: Incorrect syntax near '|'.
ERROR   2020-10-16 15:10:04,119 [http-nio-8080-exec-78] system.controllers.GetProductController  - Error at GetProductController: Incorrect syntax near '|'.
ERROR   2020-10-16 15:10:04,266 [http-nio-8080-exec-84] system.controllers.GetProductController  - Error at GetProductController: Incorrect syntax near '|'.
ERROR   2020-10-16 15:10:25,968 [http-nio-8080-exec-91] system.controllers.GetProductController  - Error at GetProductController: Incorrect syntax near '|'.
ERROR   2020-10-16 15:12:14,497 [http-nio-8080-exec-93] system.controllers.GetProductController  - Error at GetProductController: Incorrect syntax near '|'.
ERROR   2020-10-16 15:34:30,048 [http-nio-8080-exec-118] system.controllers.SearchProductForUserController  - Error at SearchProductForUserController: The value is not set for the parameter number 1.
ERROR   2020-10-16 15:35:23,036 [http-nio-8080-exec-138] system.controllers.SearchProductForUserController  - Error at SearchProductForUserController: The value is not set for the parameter number 1.
ERROR   2020-10-16 15:35:23,494 [http-nio-8080-exec-139] system.controllers.SearchProductForUserController  - Error at SearchProductForUserController: The value is not set for the parameter number 1.
ERROR   2020-10-16 15:35:23,634 [http-nio-8080-exec-142] system.controllers.SearchProductForUserController  - Error at SearchProductForUserController: The value is not set for the parameter number 1.
ERROR   2020-10-16 15:35:36,820 [http-nio-8080-exec-133] system.controllers.SearchProductForUserController  - Error at SearchProductForUserController: The value is not set for the parameter number 1.
ERROR   2020-10-16 15:36:30,887 [http-nio-8080-exec-142] system.controllers.SearchProductForUserController  - Error at SearchProductForUserController: The value is not set for the parameter number 1.
ERROR   2020-10-17 13:47:06,802 [http-nio-8080-exec-137] system.controllers.AddToCartController  - Error at AddToCartController: null
ERROR   2020-10-17 14:37:23,753 [http-nio-8080-exec-181] system.controllers.AddToCartController  - Error at AddToCartController: null
ERROR   2020-10-17 14:37:23,756 [http-nio-8080-exec-181] system.controllers.SearchProductForUserController  - Error at SearchProductForUserController: null
ERROR   2020-10-17 14:39:12,098 [http-nio-8080-exec-186] system.controllers.AddToCartController  - Error at AddToCartController: null
ERROR   2020-10-17 14:41:38,250 [http-nio-8080-exec-185] system.controllers.AddToCartController  - Error at AddToCartController: null
ERROR   2020-10-17 14:42:04,859 [http-nio-8080-exec-194] system.controllers.AddToCartController  - Error at AddToCartController: null
ERROR   2020-10-17 14:42:20,430 [http-nio-8080-exec-189] system.controllers.AddToCartController  - Error at AddToCartController: null
ERROR   2020-10-17 14:43:29,133 [http-nio-8080-exec-199] system.controllers.AddToCartController  - Error at AddToCartController: null
ERROR   2020-10-17 14:44:59,655 [http-nio-8080-exec-213] system.controllers.AddToCartController  - Error at AddToCartController: null
ERROR   2020-10-17 14:46:52,227 [http-nio-8080-exec-206] system.controllers.AddToCartController  - Error at AddToCartController: null
ERROR   2020-10-17 14:47:17,573 [http-nio-8080-exec-216] system.controllers.AddToCartController  - Error at AddToCartController: null
ERROR   2020-10-17 14:49:16,983 [http-nio-8080-exec-224] system.controllers.AddToCartController  - Error at AddToCartController: null
ERROR   2020-10-17 14:49:19,558 [http-nio-8080-exec-220] system.controllers.AddToCartController  - Error at AddToCartController: null
ERROR   2020-10-17 14:50:20,881 [http-nio-8080-exec-223] system.controllers.AddToCartController  - Error at AddToCartController: null
ERROR   2020-10-17 14:51:29,009 [http-nio-8080-exec-229] system.controllers.AddToCartController  - Error at AddToCartController: null
ERROR   2020-10-17 14:51:30,008 [http-nio-8080-exec-221] system.controllers.AddToCartController  - Error at AddToCartController: java.lang.String cannot be cast to system.dtos.RegistrationDTO
ERROR   2020-10-17 14:52:49,326 [http-nio-8080-exec-223] system.controllers.AddToCartController  - Error at AddToCartController: java.lang.String cannot be cast to system.dtos.RegistrationDTO
ERROR   2020-10-17 15:05:48,165 [http-nio-8080-exec-248] system.controllers.AddToCartController  - Error at AddToCartController: java.lang.String cannot be cast to system.dtos.RegistrationDTO
ERROR   2020-10-17 15:13:46,322 [http-nio-8080-exec-268] system.controllers.RegisterController  - Error at RegisterController: Violation of PRIMARY KEY constraint 'PK__Account__536C85E52A387C31'. Cannot insert duplicate key in object 'dbo.Account'. The duplicate key value is (phamlephucanh@yahoo.com.vn).
ERROR   2020-10-17 15:20:36,813 [http-nio-8080-exec-283] system.controllers.FilterDispatcher  - Error at FilterDispatcher: An exception occurred processing [/home.jsp] at line [44]

41:                     <a class="navbar-brand" href="GetProduct">Yellow Moon Shop</a>
42:                 </div>
43:                 <ul class="nav navbar-nav">
44:                     <li class="active"><a href="#">Shopping Cart ${sessionScope.CART.getCartQuantity()}</a></li>
45:                         <c:if test="${sessionScope.USER.role == 2}">
46:                         <li class="active"><a href="SearchProductForAdmin">Manage Product</a></li>
47:                         <li class="active"><a href="GetLogs">Product Log</a></li>


Stacktrace:
ERROR   2020-10-17 15:22:50,167 [http-nio-8080-exec-299] system.controllers.AddToCartController  - Error at AddToCartController: null
ERROR   2020-10-17 15:22:59,100 [http-nio-8080-exec-294] system.controllers.AddToCartController  - Error at AddToCartController: null
ERROR   2020-10-17 15:24:46,601 [http-nio-8080-exec-302] system.controllers.AddToCartController  - Error at AddToCartController: null
ERROR   2020-10-17 15:39:26,656 [http-nio-8080-exec-322] system.controllers.FilterDispatcher  - Error at FilterDispatcher: An exception occurred processing [/cart.jsp] at line [29]

26:                 <tbody>
27:                     <c:forEach var="cart" items="${sessionScope.CART.cart}">
28:                         <tr>
29:                             <td>${cart.value.name} x ${cart.value.cartQty}</td>
30:                             <td>${cart.value.price * cart.value.cartQty}$</td>
31:                         </tr>
32:                     </c:forEach>


Stacktrace:
ERROR   2020-10-17 15:46:38,230 [http-nio-8080-exec-332] system.controllers.FilterDispatcher  - Error at FilterDispatcher: An exception occurred processing [/home.jsp] at line [44]

41:                     <a class="navbar-brand" href="GetProduct">Yellow Moon Shop</a>
42:                 </div>
43:                 <ul class="nav navbar-nav">
44:                     <li class="active"><a href="cart.jsp">Shopping Cart (${sessionScope.CART.getQuantity()})</a></li>
45:                         <c:if test="${sessionScope.USER.role == 2}">
46:                         <li class="active"><a href="SearchProductForAdmin">Manage Product</a></li>
47:                         <li class="active"><a href="GetLogs">Product Log</a></li>


Stacktrace:
ERROR   2020-10-17 15:47:57,985 [http-nio-8080-exec-340] system.controllers.FilterDispatcher  - Error at FilterDispatcher: javax.el.MethodNotFoundException: Method not found: class system.dtos.ShoppingCartDTO.getQuantity()
ERROR   2020-10-17 15:50:24,057 [http-nio-8080-exec-358] system.controllers.FilterDispatcher  - Error at FilterDispatcher: javax.el.MethodNotFoundException: Method not found: class system.dtos.ShoppingCartDTO.getQuantity()
ERROR   2020-10-17 15:55:52,196 [http-nio-8080-exec-364] system.controllers.FilterDispatcher  - Error at FilterDispatcher: /cart.jsp (line: [120], column: [4]) The end tag "&lt;/c:if" is unbalanced
ERROR   2020-10-17 15:56:13,046 [http-nio-8080-exec-368] system.controllers.FilterDispatcher  - Error at FilterDispatcher: An exception occurred processing [/cart.jsp] at line [74]

71:                         <form action="UpdateCart" method="POST">
72:                             <td>${cart.value.name}</td>
73:                             <td>${cart.value.quantity}</td>
74:                             <td><input type="number" name="txtCartQty" value="${cart.value.cartQty}"</td>
75:                             <td>${cart.value.price}$</td>
76:                             <td>${cart.value.price * cart.value.cartQty}$</td>
77:                             <td><input type="submit" value="Update"<td/>


Stacktrace:
ERROR   2020-10-17 15:56:13,645 [http-nio-8080-exec-364] system.controllers.FilterDispatcher  - Error at FilterDispatcher: An exception occurred processing [/cart.jsp] at line [74]

71:                         <form action="UpdateCart" method="POST">
72:                             <td>${cart.value.name}</td>
73:                             <td>${cart.value.quantity}</td>
74:                             <td><input type="number" name="txtCartQty" value="${cart.value.cartQty}"</td>
75:                             <td>${cart.value.price}$</td>
76:                             <td>${cart.value.price * cart.value.cartQty}$</td>
77:                             <td><input type="submit" value="Update"<td/>


Stacktrace:
ERROR   2020-10-17 15:56:38,493 [http-nio-8080-exec-363] system.controllers.FilterDispatcher  - Error at FilterDispatcher: An exception occurred processing [/cart.jsp] at line [76]

73:                             <td>${cart.value.quantity}</td>
74:                             <td><input type="number" name="txtCartQuantity" value="${cart.value.cartQuantity}"</td>
75:                             <td>${cart.value.price}$</td>
76:                             <td>${cart.value.price * cart.value.cartQty}$</td>
77:                             <td><input type="submit" value="Update"<td/>
78:                             <input type="hidden" name="txtId" value="${cart.value.id}"/>
79:                             <input type="hidden" name="txtQuantity" value="${cart.value.quantity}"/>


Stacktrace:
ERROR   2020-10-17 16:29:20,178 [http-nio-8080-exec-419] system.controllers.UpdateCartController  - Error at UpdateCartController: null
ERROR   2020-10-17 16:32:03,227 [http-nio-8080-exec-423] system.controllers.UpdateCartController  - Error at UpdateCartController: null
ERROR   2020-10-17 16:32:06,020 [http-nio-8080-exec-424] system.controllers.UpdateCartController  - Error at UpdateCartController: null
ERROR   2020-10-17 16:32:10,980 [http-nio-8080-exec-420] system.controllers.UpdateCartController  - Error at UpdateCartController: null
ERROR   2020-10-17 16:32:14,116 [http-nio-8080-exec-426] system.controllers.UpdateCartController  - Error at UpdateCartController: null
ERROR   2020-10-17 16:32:19,416 [http-nio-8080-exec-419] system.controllers.UpdateCartController  - Error at UpdateCartController: null
ERROR   2020-10-17 16:32:26,741 [http-nio-8080-exec-423] system.controllers.UpdateCartController  - Error at UpdateCartController: null
ERROR   2020-10-17 16:32:51,000 [http-nio-8080-exec-421] system.controllers.UpdateCartController  - Error at UpdateCartController: null
ERROR   2020-10-17 16:33:14,133 [http-nio-8080-exec-428] system.controllers.UpdateCartController  - Error at UpdateCartController: null
ERROR   2020-10-17 16:33:45,894 [http-nio-8080-exec-431] system.controllers.UpdateCartController  - Error at UpdateCartController: null
ERROR   2020-10-17 16:33:58,507 [http-nio-8080-exec-427] system.controllers.UpdateCartController  - Error at UpdateCartController: null
ERROR   2020-10-17 16:37:45,856 [http-nio-8080-exec-436] system.controllers.UpdateCartController  - Error at UpdateCartController: null
ERROR   2020-10-17 16:40:45,159 [http-nio-8080-exec-439] system.controllers.UpdateCartController  - Error at UpdateCartController: For input string: ""
ERROR   2020-10-17 16:42:18,933 [http-nio-8080-exec-446] system.controllers.UpdateCartController  - Error at UpdateCartController: For input string: ""
ERROR   2020-10-17 16:42:22,080 [http-nio-8080-exec-440] system.controllers.UpdateCartController  - Error at UpdateCartController: For input string: ""
ERROR   2020-10-17 16:42:22,696 [http-nio-8080-exec-445] system.controllers.UpdateCartController  - Error at UpdateCartController: For input string: ""
ERROR   2020-10-17 16:42:26,994 [http-nio-8080-exec-441] system.controllers.UpdateCartController  - Error at UpdateCartController: null
ERROR   2020-10-17 17:10:38,599 [http-nio-8080-exec-472] system.controllers.DeleteCartController  - Error at DeleteCartController: null
ERROR   2020-10-17 18:52:02,100 [http-nio-8080-exec-653] system.controllers.ConfirmCartController  - Error at ConfirmCartController: The value is not set for the parameter number 2.
ERROR   2020-10-17 18:52:42,532 [http-nio-8080-exec-679] system.controllers.ConfirmCartController  - Error at ConfirmCartController: null
ERROR   2020-10-17 19:05:56,089 [http-nio-8080-exec-714] system.controllers.ConfirmCartController  - Error at ConfirmCartController: Uncompilable source code - Erroneous tree type: <any>
ERROR   2020-10-17 19:07:39,648 [http-nio-8080-exec-727] system.controllers.ConfirmCartController  - Error at ConfirmCartController: The index 3 is out of range.
ERROR   2020-10-18 11:04:19,552 [http-nio-8080-exec-56] system.controllers.AddToCartController  - Error at AddToCartController: null
ERROR   2020-10-18 11:10:52,788 [http-nio-8080-exec-66] system.controllers.ConfirmCartController  - Error at ConfirmCartController: null
ERROR   2020-10-18 11:11:10,365 [http-nio-8080-exec-69] system.controllers.ConfirmCartController  - Error at ConfirmCartController: null
ERROR   2020-10-18 11:12:25,195 [http-nio-8080-exec-66] system.controllers.ConfirmCartController  - Error at ConfirmCartController: null
ERROR   2020-10-18 11:14:36,310 [http-nio-8080-exec-78] system.controllers.ConfirmCartController  - Error at ConfirmCartController: null
ERROR   2020-10-18 11:53:54,172 [http-nio-8080-exec-131] system.controllers.SearchOrderDetailController  - Error at SearchOrderDetailController: The column name PaymenetMethod is not valid.
ERROR   2020-10-18 11:55:26,793 [http-nio-8080-exec-139] system.controllers.FilterDispatcher  - Error at FilterDispatcher: javax.el.PropertyNotFoundException: Property [orderID] not found on type [system.dtos.OrderDTO]
ERROR   2020-10-18 12:22:16,474 [http-nio-8080-exec-187] system.controllers.FilterDispatcher  - Error at FilterDispatcher: /cartdetails.jsp (line: [58], column: [70]) Attribute qualified names must be unique within an element
ERROR   2020-10-18 12:23:17,588 [http-nio-8080-exec-188] system.controllers.FilterDispatcher  - Error at FilterDispatcher: /cartdetails.jsp (line: [58], column: [73]) Attribute qualified names must be unique within an element
ERROR   2020-10-18 12:24:02,059 [http-nio-8080-exec-186] system.controllers.FilterDispatcher  - Error at FilterDispatcher: /cartdetails.jsp (line: [58], column: [70]) Attribute qualified names must be unique within an element
ERROR   2020-10-18 12:24:10,706 [http-nio-8080-exec-183] system.controllers.FilterDispatcher  - Error at FilterDispatcher: /cartdetails.jsp (line: [58], column: [70]) Attribute qualified names must be unique within an element
ERROR   2020-10-18 12:26:16,279 [http-nio-8080-exec-188] system.controllers.FilterDispatcher  - Error at FilterDispatcher: /cartdetails.jsp (line: [58], column: [70]) Attribute qualified names must be unique within an element
ERROR   2020-10-18 12:26:28,476 [http-nio-8080-exec-193] system.controllers.FilterDispatcher  - Error at FilterDispatcher: /cartdetails.jsp (line: [58], column: [70]) Attribute qualified names must be unique within an element
ERROR   2020-10-18 12:31:57,662 [http-nio-8080-exec-217] system.controllers.FilterDispatcher  - Error at FilterDispatcher: javax.el.PropertyNotFoundException: Property [Quantity] not found on type [system.dtos.DetailDTO]
ERROR   2020-10-18 12:33:12,692 [http-nio-8080-exec-225] system.controllers.FilterDispatcher  - Error at FilterDispatcher: An exception occurred processing [/cartdetails.jsp] at line [112]

109:                 <tbody>
110:                     <tr>
111:                         <td>${requestScope.DETAIL.productName}</td>
112:                         <td>${requestScope.DETAIL.Quantity}</td>
113:                         <td>${requestScope.DETAIL.totalPrice}</td>
114:                     </tr>
115:                 </tbody>


Stacktrace:
ERROR   2020-10-18 12:33:15,051 [http-nio-8080-exec-228] system.controllers.FilterDispatcher  - Error at FilterDispatcher: An exception occurred processing [/cartdetails.jsp] at line [112]

109:                 <tbody>
110:                     <tr>
111:                         <td>${requestScope.DETAIL.productName}</td>
112:                         <td>${requestScope.DETAIL.Quantity}</td>
113:                         <td>${requestScope.DETAIL.totalPrice}</td>
114:                     </tr>
115:                 </tbody>


Stacktrace:
ERROR   2020-10-18 12:38:44,722 [http-nio-8080-exec-244] system.controllers.SearchOrderDetailController  - Error at SearchOrderDetailController: Conversion failed when converting from a character string to uniqueidentifier.
ERROR   2020-10-18 13:24:06,477 [http-nio-8080-exec-316] system.controllers.SearchProductForAdminController  - Error at SearchProductForAdminController: For input string: "txtPage"
ERROR   2020-10-18 13:24:21,775 [http-nio-8080-exec-308] system.controllers.SearchProductForAdminController  - Error at SearchProductForAdminController: For input string: "txtPage"
ERROR   2020-10-18 13:24:23,168 [http-nio-8080-exec-300] system.controllers.SearchProductForAdminController  - Error at SearchProductForAdminController: For input string: "txtPage"
ERROR   2020-10-18 13:27:03,583 [http-nio-8080-exec-331] system.controllers.SearchProductForAdminController  - Error at SearchProductForAdminController: The multi-part identifier "tblStatus.StatusID" could not be bound.
ERROR   2020-10-18 13:27:09,128 [http-nio-8080-exec-290] system.controllers.SearchProductForAdminController  - Error at SearchProductForAdminController: The value is not set for the parameter number 2.
ERROR   2020-10-18 13:27:09,973 [http-nio-8080-exec-322] system.controllers.SearchProductForAdminController  - Error at SearchProductForAdminController: The multi-part identifier "tblStatus.StatusID" could not be bound.
ERROR   2020-10-18 13:27:12,844 [http-nio-8080-exec-325] system.controllers.SearchProductForAdminController  - Error at SearchProductForAdminController: The multi-part identifier "tblStatus.StatusID" could not be bound.
ERROR   2020-10-18 13:28:46,924 [http-nio-8080-exec-342] system.controllers.SearchProductForAdminController  - Error at SearchProductForAdminController: The multi-part identifier "tblStatus.StatusID" could not be bound.
ERROR   2020-10-18 13:28:52,240 [http-nio-8080-exec-334] system.controllers.SearchProductForAdminController  - Error at SearchProductForAdminController: The value is not set for the parameter number 2.
ERROR   2020-10-18 13:28:52,855 [http-nio-8080-exec-340] system.controllers.SearchProductForAdminController  - Error at SearchProductForAdminController: The multi-part identifier "tblStatus.StatusID" could not be bound.
ERROR   2020-10-18 13:30:23,411 [http-nio-8080-exec-346] system.controllers.SearchProductForAdminController  - Error at SearchProductForAdminController: The value is not set for the parameter number 2.
ERROR   2020-10-18 13:30:27,822 [http-nio-8080-exec-348] system.controllers.SearchProductForAdminController  - Error at SearchProductForAdminController: The value is not set for the parameter number 2.
ERROR   2020-10-18 13:30:28,555 [http-nio-8080-exec-347] system.controllers.SearchProductForAdminController  - Error at SearchProductForAdminController: The value is not set for the parameter number 2.
ERROR   2020-10-18 13:30:32,605 [http-nio-8080-exec-353] system.controllers.SearchProductForAdminController  - Error at SearchProductForAdminController: The value is not set for the parameter number 2.
ERROR   2020-10-18 13:31:14,113 [http-nio-8080-exec-355] system.controllers.SearchProductForAdminController  - Error at SearchProductForAdminController: The value is not set for the parameter number 2.
ERROR   2020-10-18 13:31:17,312 [http-nio-8080-exec-360] system.controllers.SearchProductForAdminController  - Error at SearchProductForAdminController: The value is not set for the parameter number 2.
ERROR   2020-10-18 13:31:17,968 [http-nio-8080-exec-347] system.controllers.SearchProductForAdminController  - Error at SearchProductForAdminController: The value is not set for the parameter number 2.
ERROR   2020-10-18 13:31:58,632 [http-nio-8080-exec-363] system.controllers.SearchProductForAdminController  - Error at SearchProductForAdminController: The value is not set for the parameter number 2.
ERROR   2020-10-18 13:32:02,385 [http-nio-8080-exec-360] system.controllers.SearchProductForAdminController  - Error at SearchProductForAdminController: The value is not set for the parameter number 2.
ERROR   2020-10-18 13:32:03,271 [http-nio-8080-exec-358] system.controllers.SearchProductForAdminController  - Error at SearchProductForAdminController: The value is not set for the parameter number 2.
ERROR   2020-10-18 13:37:15,522 [http-nio-8080-exec-395] system.controllers.FilterDispatcher  - Error at FilterDispatcher: 

The server side component of the HTTP Monitor has detected a java.lang.StackOverflowError.
This happens when there is an infinite loop in the web module.
Correct the cause of the infinite loop before running the web module again.


ERROR   2020-10-18 13:37:28,698 [http-nio-8080-exec-401] system.controllers.FilterDispatcher  - Error at FilterDispatcher: 

The server side component of the HTTP Monitor has detected a java.lang.StackOverflowError.
This happens when there is an infinite loop in the web module.
Correct the cause of the infinite loop before running the web module again.


ERROR   2020-10-18 13:38:26,081 [http-nio-8080-exec-394] system.controllers.FilterDispatcher  - Error at FilterDispatcher: 

The server side component of the HTTP Monitor has detected a java.lang.StackOverflowError.
This happens when there is an infinite loop in the web module.
Correct the cause of the infinite loop before running the web module again.


ERROR   2020-10-18 13:50:10,553 [http-nio-8080-exec-447] system.controllers.SearchProductForAdminController  - Error at SearchProductForAdminController: For input string: ""
ERROR   2020-10-18 13:50:11,432 [http-nio-8080-exec-459] system.controllers.SearchProductForAdminController  - Error at SearchProductForAdminController: For input string: ""
ERROR   2020-10-18 13:51:06,320 [http-nio-8080-exec-460] system.controllers.SearchProductForAdminController  - Error at SearchProductForAdminController: For input string: ""
ERROR   2020-10-18 13:51:08,740 [http-nio-8080-exec-471] system.controllers.SearchProductForAdminController  - Error at SearchProductForAdminController: For input string: ""
ERROR   2020-10-18 13:51:13,157 [http-nio-8080-exec-477] system.controllers.SearchProductForAdminController  - Error at SearchProductForAdminController: For input string: ""
ERROR   2020-10-18 13:51:37,736 [http-nio-8080-exec-481] system.controllers.SearchProductForAdminController  - Error at SearchProductForAdminController: For input string: ""
ERROR   2020-10-18 13:51:38,766 [http-nio-8080-exec-475] system.controllers.SearchProductForAdminController  - Error at SearchProductForAdminController: For input string: ""
ERROR   2020-10-18 13:51:39,324 [http-nio-8080-exec-482] system.controllers.SearchProductForAdminController  - Error at SearchProductForAdminController: For input string: ""
ERROR   2020-10-18 13:51:39,798 [http-nio-8080-exec-479] system.controllers.SearchProductForAdminController  - Error at SearchProductForAdminController: For input string: ""
ERROR   2020-10-18 13:51:40,224 [http-nio-8080-exec-485] system.controllers.SearchProductForAdminController  - Error at SearchProductForAdminController: For input string: ""
ERROR   2020-10-18 13:51:40,635 [http-nio-8080-exec-487] system.controllers.SearchProductForAdminController  - Error at SearchProductForAdminController: For input string: ""
ERROR   2020-10-18 13:51:41,038 [http-nio-8080-exec-486] system.controllers.SearchProductForAdminController  - Error at SearchProductForAdminController: For input string: ""
ERROR   2020-10-18 13:51:41,415 [http-nio-8080-exec-488] system.controllers.SearchProductForAdminController  - Error at SearchProductForAdminController: For input string: ""
ERROR   2020-10-18 13:51:42,226 [http-nio-8080-exec-489] system.controllers.SearchProductForAdminController  - Error at SearchProductForAdminController: For input string: ""
ERROR   2020-10-18 13:51:42,661 [http-nio-8080-exec-480] system.controllers.SearchProductForAdminController  - Error at SearchProductForAdminController: For input string: ""
ERROR   2020-10-18 13:51:43,088 [http-nio-8080-exec-490] system.controllers.SearchProductForAdminController  - Error at SearchProductForAdminController: For input string: ""
ERROR   2020-10-18 13:51:43,941 [http-nio-8080-exec-491] system.controllers.SearchProductForAdminController  - Error at SearchProductForAdminController: For input string: ""
ERROR   2020-10-18 13:56:24,377 [http-nio-8080-exec-492] system.controllers.SearchProductForAdminController  - Error at SearchProductForAdminController: null
ERROR   2020-10-18 13:56:25,796 [http-nio-8080-exec-499] system.controllers.SearchProductForAdminController  - Error at SearchProductForAdminController: null
ERROR   2020-10-18 13:56:26,674 [http-nio-8080-exec-494] system.controllers.SearchProductForAdminController  - Error at SearchProductForAdminController: null
ERROR   2020-10-18 13:56:26,821 [http-nio-8080-exec-495] system.controllers.SearchProductForAdminController  - Error at SearchProductForAdminController: null
ERROR   2020-10-18 13:56:26,979 [http-nio-8080-exec-496] system.controllers.SearchProductForAdminController  - Error at SearchProductForAdminController: null
ERROR   2020-10-18 13:56:27,645 [http-nio-8080-exec-500] system.controllers.SearchProductForAdminController  - Error at SearchProductForAdminController: null
ERROR   2020-10-18 13:56:27,993 [http-nio-8080-exec-489] system.controllers.SearchProductForAdminController  - Error at SearchProductForAdminController: null
ERROR   2020-10-18 13:59:44,592 [http-nio-8080-exec-528] system.controllers.SearchProductForAdminController  - Error at SearchProductForAdminController: The index 1 is out of range.
ERROR   2020-10-18 13:59:45,612 [http-nio-8080-exec-527] system.controllers.SearchProductForAdminController  - Error at SearchProductForAdminController: The index 1 is out of range.
ERROR   2020-10-18 13:59:46,713 [http-nio-8080-exec-530] system.controllers.SearchProductForAdminController  - Error at SearchProductForAdminController: The index 1 is out of range.
ERROR   2020-10-18 13:59:47,312 [http-nio-8080-exec-531] system.controllers.SearchProductForAdminController  - Error at SearchProductForAdminController: The index 1 is out of range.
ERROR   2020-10-18 13:59:47,471 [http-nio-8080-exec-534] system.controllers.SearchProductForAdminController  - Error at SearchProductForAdminController: The index 1 is out of range.
ERROR   2020-10-18 13:59:47,748 [http-nio-8080-exec-524] system.controllers.SearchProductForAdminController  - Error at SearchProductForAdminController: The index 1 is out of range.
ERROR   2020-10-18 13:59:47,900 [http-nio-8080-exec-533] system.controllers.SearchProductForAdminController  - Error at SearchProductForAdminController: The index 1 is out of range.
ERROR   2020-10-18 13:59:48,055 [http-nio-8080-exec-535] system.controllers.SearchProductForAdminController  - Error at SearchProductForAdminController: The index 1 is out of range.
ERROR   2020-10-18 13:59:48,207 [http-nio-8080-exec-536] system.controllers.SearchProductForAdminController  - Error at SearchProductForAdminController: The index 1 is out of range.
ERROR   2020-10-18 13:59:48,360 [http-nio-8080-exec-537] system.controllers.SearchProductForAdminController  - Error at SearchProductForAdminController: The index 1 is out of range.
ERROR   2020-10-18 13:59:48,516 [http-nio-8080-exec-528] system.controllers.SearchProductForAdminController  - Error at SearchProductForAdminController: The index 1 is out of range.
ERROR   2020-10-18 13:59:48,821 [http-nio-8080-exec-538] system.controllers.SearchProductForAdminController  - Error at SearchProductForAdminController: The index 1 is out of range.
ERROR   2020-10-18 13:59:49,113 [http-nio-8080-exec-539] system.controllers.SearchProductForAdminController  - Error at SearchProductForAdminController: The index 1 is out of range.
ERROR   2020-10-18 13:59:49,261 [http-nio-8080-exec-531] system.controllers.SearchProductForAdminController  - Error at SearchProductForAdminController: The index 1 is out of range.
ERROR   2020-10-18 13:59:49,404 [http-nio-8080-exec-534] system.controllers.SearchProductForAdminController  - Error at SearchProductForAdminController: The index 1 is out of range.
ERROR   2020-10-18 13:59:49,556 [http-nio-8080-exec-540] system.controllers.SearchProductForAdminController  - Error at SearchProductForAdminController: The index 1 is out of range.
ERROR   2020-10-18 13:59:49,857 [http-nio-8080-exec-533] system.controllers.SearchProductForAdminController  - Error at SearchProductForAdminController: The index 1 is out of range.
ERROR   2020-10-18 13:59:50,183 [http-nio-8080-exec-535] system.controllers.SearchProductForAdminController  - Error at SearchProductForAdminController: The index 1 is out of range.
ERROR   2020-10-18 13:59:50,351 [http-nio-8080-exec-536] system.controllers.SearchProductForAdminController  - Error at SearchProductForAdminController: The index 1 is out of range.
ERROR   2020-10-18 13:59:50,650 [http-nio-8080-exec-537] system.controllers.SearchProductForAdminController  - Error at SearchProductForAdminController: The index 1 is out of range.
ERROR   2020-10-18 13:59:50,941 [http-nio-8080-exec-528] system.controllers.SearchProductForAdminController  - Error at SearchProductForAdminController: The index 1 is out of range.
ERROR   2020-10-18 13:59:51,211 [http-nio-8080-exec-538] system.controllers.SearchProductForAdminController  - Error at SearchProductForAdminController: The index 1 is out of range.
ERROR   2020-10-18 13:59:51,367 [http-nio-8080-exec-539] system.controllers.SearchProductForAdminController  - Error at SearchProductForAdminController: The index 1 is out of range.
ERROR   2020-10-18 13:59:51,542 [http-nio-8080-exec-541] system.controllers.SearchProductForAdminController  - Error at SearchProductForAdminController: The index 1 is out of range.
ERROR   2020-10-18 13:59:51,842 [http-nio-8080-exec-534] system.controllers.SearchProductForAdminController  - Error at SearchProductForAdminController: The index 1 is out of range.
ERROR   2020-10-18 13:59:52,157 [http-nio-8080-exec-540] system.controllers.SearchProductForAdminController  - Error at SearchProductForAdminController: The index 1 is out of range.
ERROR   2020-10-18 13:59:52,433 [http-nio-8080-exec-533] system.controllers.SearchProductForAdminController  - Error at SearchProductForAdminController: The index 1 is out of range.
ERROR   2020-10-18 13:59:52,574 [http-nio-8080-exec-535] system.controllers.SearchProductForAdminController  - Error at SearchProductForAdminController: The index 1 is out of range.
ERROR   2020-10-18 13:59:52,725 [http-nio-8080-exec-536] system.controllers.SearchProductForAdminController  - Error at SearchProductForAdminController: The index 1 is out of range.
ERROR   2020-10-18 13:59:52,926 [http-nio-8080-exec-537] system.controllers.SearchProductForAdminController  - Error at SearchProductForAdminController: The index 1 is out of range.
ERROR   2020-10-18 13:59:53,073 [http-nio-8080-exec-542] system.controllers.SearchProductForAdminController  - Error at SearchProductForAdminController: The index 1 is out of range.
ERROR   2020-10-18 13:59:53,224 [http-nio-8080-exec-538] system.controllers.SearchProductForAdminController  - Error at SearchProductForAdminController: The index 1 is out of range.
ERROR   2020-10-18 13:59:53,378 [http-nio-8080-exec-539] system.controllers.SearchProductForAdminController  - Error at SearchProductForAdminController: The index 1 is out of range.
ERROR   2020-10-18 13:59:53,537 [http-nio-8080-exec-541] system.controllers.SearchProductForAdminController  - Error at SearchProductForAdminController: The index 1 is out of range.
ERROR   2020-10-18 13:59:53,743 [http-nio-8080-exec-534] system.controllers.SearchProductForAdminController  - Error at SearchProductForAdminController: The index 1 is out of range.
ERROR   2020-10-18 13:59:54,095 [http-nio-8080-exec-540] system.controllers.SearchProductForAdminController  - Error at SearchProductForAdminController: The index 1 is out of range.
ERROR   2020-10-18 13:59:54,481 [http-nio-8080-exec-543] system.controllers.SearchProductForAdminController  - Error at SearchProductForAdminController: The index 1 is out of range.
ERROR   2020-10-18 13:59:54,644 [http-nio-8080-exec-535] system.controllers.SearchProductForAdminController  - Error at SearchProductForAdminController: The index 1 is out of range.
ERROR   2020-10-18 13:59:54,839 [http-nio-8080-exec-536] system.controllers.SearchProductForAdminController  - Error at SearchProductForAdminController: The index 1 is out of range.
ERROR   2020-10-18 13:59:55,115 [http-nio-8080-exec-537] system.controllers.SearchProductForAdminController  - Error at SearchProductForAdminController: The index 1 is out of range.
ERROR   2020-10-18 13:59:55,462 [http-nio-8080-exec-542] system.controllers.SearchProductForAdminController  - Error at SearchProductForAdminController: The index 1 is out of range.
ERROR   2020-10-18 13:59:55,793 [http-nio-8080-exec-538] system.controllers.SearchProductForAdminController  - Error at SearchProductForAdminController: The index 1 is out of range.
ERROR   2020-10-18 13:59:56,088 [http-nio-8080-exec-539] system.controllers.SearchProductForAdminController  - Error at SearchProductForAdminController: The index 1 is out of range.
ERROR   2020-10-18 13:59:56,398 [http-nio-8080-exec-541] system.controllers.SearchProductForAdminController  - Error at SearchProductForAdminController: The index 1 is out of range.
ERROR   2020-10-18 13:59:56,702 [http-nio-8080-exec-534] system.controllers.SearchProductForAdminController  - Error at SearchProductForAdminController: The index 1 is out of range.
ERROR   2020-10-18 13:59:57,061 [http-nio-8080-exec-540] system.controllers.SearchProductForAdminController  - Error at SearchProductForAdminController: The index 1 is out of range.
ERROR   2020-10-18 13:59:57,320 [http-nio-8080-exec-543] system.controllers.SearchProductForAdminController  - Error at SearchProductForAdminController: The index 1 is out of range.
ERROR   2020-10-18 13:59:57,706 [http-nio-8080-exec-535] system.controllers.SearchProductForAdminController  - Error at SearchProductForAdminController: The index 1 is out of range.
ERROR   2020-10-18 13:59:57,950 [http-nio-8080-exec-536] system.controllers.SearchProductForAdminController  - Error at SearchProductForAdminController: The index 1 is out of range.
ERROR   2020-10-18 13:59:58,262 [http-nio-8080-exec-537] system.controllers.SearchProductForAdminController  - Error at SearchProductForAdminController: The index 1 is out of range.
ERROR   2020-10-18 14:02:57,290 [http-nio-8080-exec-560] system.controllers.SearchProductForAdminController  - Error at SearchProductForAdminController: Uncompilable source code - Erroneous sym type: system.daos.ProductDAO.countPage
ERROR   2020-10-18 14:02:59,238 [http-nio-8080-exec-561] system.controllers.SearchProductForAdminController  - Error at SearchProductForAdminController: Uncompilable source code - Erroneous sym type: system.daos.ProductDAO.countPage
ERROR   2020-10-18 14:04:20,177 [http-nio-8080-exec-572] system.controllers.SearchProductForAdminController  - Error at SearchProductForAdminController: Incorrect syntax near 'Products'.
ERROR   2020-10-18 14:04:29,103 [http-nio-8080-exec-565] system.controllers.SearchProductForAdminController  - Error at SearchProductForAdminController: Incorrect syntax near 'Products'.
ERROR   2020-10-18 14:04:30,065 [http-nio-8080-exec-573] system.controllers.SearchProductForAdminController  - Error at SearchProductForAdminController: Incorrect syntax near 'Products'.
ERROR   2020-10-18 14:04:30,370 [http-nio-8080-exec-563] system.controllers.SearchProductForAdminController  - Error at SearchProductForAdminController: Incorrect syntax near 'Products'.
ERROR   2020-10-18 14:04:30,716 [http-nio-8080-exec-576] system.controllers.SearchProductForAdminController  - Error at SearchProductForAdminController: Incorrect syntax near 'Products'.
ERROR   2020-10-18 14:04:31,012 [http-nio-8080-exec-574] system.controllers.SearchProductForAdminController  - Error at SearchProductForAdminController: Incorrect syntax near 'Products'.
ERROR   2020-10-18 14:04:31,373 [http-nio-8080-exec-577] system.controllers.SearchProductForAdminController  - Error at SearchProductForAdminController: Incorrect syntax near 'Products'.
ERROR   2020-10-18 14:04:31,532 [http-nio-8080-exec-578] system.controllers.SearchProductForAdminController  - Error at SearchProductForAdminController: Incorrect syntax near 'Products'.
ERROR   2020-10-18 14:04:31,858 [http-nio-8080-exec-575] system.controllers.SearchProductForAdminController  - Error at SearchProductForAdminController: Incorrect syntax near 'Products'.
ERROR   2020-10-18 14:04:32,184 [http-nio-8080-exec-579] system.controllers.SearchProductForAdminController  - Error at SearchProductForAdminController: Incorrect syntax near 'Products'.
ERROR   2020-10-18 14:04:32,362 [http-nio-8080-exec-571] system.controllers.SearchProductForAdminController  - Error at SearchProductForAdminController: Incorrect syntax near 'Products'.
ERROR   2020-10-18 14:04:32,510 [http-nio-8080-exec-580] system.controllers.SearchProductForAdminController  - Error at SearchProductForAdminController: Incorrect syntax near 'Products'.
ERROR   2020-10-18 14:04:32,819 [http-nio-8080-exec-581] system.controllers.SearchProductForAdminController  - Error at SearchProductForAdminController: Incorrect syntax near 'Products'.
ERROR   2020-10-18 14:04:38,579 [http-nio-8080-exec-582] system.controllers.SearchProductForAdminController  - Error at SearchProductForAdminController: Incorrect syntax near 'Products'.
ERROR   2020-10-18 14:04:43,642 [http-nio-8080-exec-583] system.controllers.SearchProductForAdminController  - Error at SearchProductForAdminController: Incorrect syntax near 'Products'.
ERROR   2020-10-18 14:04:46,405 [http-nio-8080-exec-577] system.controllers.SearchProductForAdminController  - Error at SearchProductForAdminController: Incorrect syntax near 'Products'.
ERROR   2020-10-18 14:04:47,651 [http-nio-8080-exec-581] system.controllers.SearchProductForAdminController  - Error at SearchProductForAdminController: Incorrect syntax near 'Products'.
ERROR   2020-10-18 14:04:47,945 [http-nio-8080-exec-584] system.controllers.SearchProductForAdminController  - Error at SearchProductForAdminController: Incorrect syntax near 'Products'.
ERROR   2020-10-18 14:04:48,254 [http-nio-8080-exec-576] system.controllers.SearchProductForAdminController  - Error at SearchProductForAdminController: Incorrect syntax near 'Products'.
ERROR   2020-10-18 14:04:48,573 [http-nio-8080-exec-579] system.controllers.SearchProductForAdminController  - Error at SearchProductForAdminController: Incorrect syntax near 'Products'.
ERROR   2020-10-18 14:04:48,883 [http-nio-8080-exec-585] system.controllers.SearchProductForAdminController  - Error at SearchProductForAdminController: Incorrect syntax near 'Products'.
ERROR   2020-10-18 14:04:49,200 [http-nio-8080-exec-574] system.controllers.SearchProductForAdminController  - Error at SearchProductForAdminController: Incorrect syntax near 'Products'.
ERROR   2020-10-18 14:04:49,506 [http-nio-8080-exec-571] system.controllers.SearchProductForAdminController  - Error at SearchProductForAdminController: Incorrect syntax near 'Products'.
ERROR   2020-10-18 14:07:23,675 [http-nio-8080-exec-588] system.controllers.UpdateProductController  - Error at UpdateProductController: null
ERROR   2020-10-18 14:08:17,755 [http-nio-8080-exec-595] system.controllers.UpdateProductController  - Error at UpdateProductController: null
ERROR   2020-10-18 14:10:15,160 [http-nio-8080-exec-606] system.controllers.UpdateProductController  - Error at UpdateProductController: Uncompilable source code - cannot find symbol
  symbol:   class RegistraitonDTO
  location: class system.controllers.UpdateProductController
ERROR   2020-10-18 14:18:43,637 [http-nio-8080-exec-652] system.controllers.SearchProductForAdminController  - Error at SearchProductForAdminController: Incorrect syntax near 'Products'.
ERROR   2020-10-18 14:18:47,581 [http-nio-8080-exec-659] system.controllers.SearchProductForAdminController  - Error at SearchProductForAdminController: Incorrect syntax near 'Products'.
ERROR   2020-10-18 14:18:48,501 [http-nio-8080-exec-666] system.controllers.SearchProductForAdminController  - Error at SearchProductForAdminController: Incorrect syntax near 'Products'.
ERROR   2020-10-18 14:18:48,828 [http-nio-8080-exec-644] system.controllers.SearchProductForAdminController  - Error at SearchProductForAdminController: Incorrect syntax near 'Products'.
ERROR   2020-10-18 14:18:51,599 [http-nio-8080-exec-660] system.controllers.SearchProductForAdminController  - Error at SearchProductForAdminController: Incorrect syntax near 'Products'.
ERROR   2020-10-18 14:18:52,290 [http-nio-8080-exec-662] system.controllers.SearchProductForAdminController  - Error at SearchProductForAdminController: Incorrect syntax near 'Products'.
ERROR   2020-10-18 14:18:54,025 [http-nio-8080-exec-663] system.controllers.SearchProductForAdminController  - Error at SearchProductForAdminController: For input string: ""
ERROR   2020-10-18 14:18:54,397 [http-nio-8080-exec-664] system.controllers.SearchProductForAdminController  - Error at SearchProductForAdminController: For input string: ""
ERROR   2020-10-18 14:19:05,214 [http-nio-8080-exec-663] system.controllers.SearchProductForAdminController  - Error at SearchProductForAdminController: Incorrect syntax near 'Products'.
ERROR   2020-10-18 14:19:47,958 [http-nio-8080-exec-665] system.controllers.SearchProductForAdminController  - Error at SearchProductForAdminController: Incorrect syntax near 'Products'.
ERROR   2020-10-18 14:20:09,828 [http-nio-8080-exec-664] system.controllers.SearchProductForAdminController  - Error at SearchProductForAdminController: null
ERROR   2020-10-18 14:20:10,396 [http-nio-8080-exec-669] system.controllers.SearchProductForAdminController  - Error at SearchProductForAdminController: Incorrect syntax near 'Products'.
ERROR   2020-10-18 14:21:11,235 [http-nio-8080-exec-669] system.controllers.SearchProductForAdminController  - Error at SearchProductForAdminController: Incorrect syntax near 'Products'.
ERROR   2020-10-18 14:23:54,257 [http-nio-8080-exec-693] system.controllers.SearchProductForAdminController  - Error at SearchProductForAdminController: Incorrect syntax near 'Products'.
ERROR   2020-10-18 14:33:35,605 [http-nio-8080-exec-716] system.controllers.GetProductController  - Error at GetProductController: The value is not set for the parameter number 1.
ERROR   2020-10-18 14:33:37,936 [http-nio-8080-exec-710] system.controllers.GetProductController  - Error at GetProductController: The value is not set for the parameter number 1.
ERROR   2020-10-18 14:33:41,330 [http-nio-8080-exec-711] system.controllers.GetProductController  - Error at GetProductController: The value is not set for the parameter number 1.
ERROR   2020-10-18 14:34:24,551 [http-nio-8080-exec-723] system.controllers.GetProductController  - Error at GetProductController: The value is not set for the parameter number 1.
ERROR   2020-10-18 14:34:26,843 [http-nio-8080-exec-728] system.controllers.GetProductController  - Error at GetProductController: The value is not set for the parameter number 1.
ERROR   2020-10-18 14:34:32,752 [http-nio-8080-exec-732] system.controllers.GetProductController  - Error at GetProductController: The value is not set for the parameter number 1.
ERROR   2020-10-18 14:34:45,896 [http-nio-8080-exec-731] system.controllers.GetProductController  - Error at GetProductController: The value is not set for the parameter number 1.
ERROR   2020-10-18 14:34:50,868 [http-nio-8080-exec-734] system.controllers.GetProductController  - Error at GetProductController: The value is not set for the parameter number 1.
ERROR   2020-10-18 14:35:11,421 [http-nio-8080-exec-742] system.controllers.GetProductController  - Error at GetProductController: The value is not set for the parameter number 1.
ERROR   2020-10-18 14:35:14,564 [http-nio-8080-exec-737] system.controllers.GetProductController  - Error at GetProductController: The value is not set for the parameter number 1.
ERROR   2020-10-18 14:35:35,075 [http-nio-8080-exec-739] system.controllers.GetProductController  - Error at GetProductController: The value is not set for the parameter number 1.
ERROR   2020-10-18 14:35:37,262 [http-nio-8080-exec-750] system.controllers.GetProductController  - Error at GetProductController: The value is not set for the parameter number 1.
ERROR   2020-10-18 14:36:16,763 [http-nio-8080-exec-759] system.controllers.GetProductController  - Error at GetProductController: The value is not set for the parameter number 1.
ERROR   2020-10-18 14:36:21,027 [http-nio-8080-exec-755] system.controllers.GetProductController  - Error at GetProductController: The value is not set for the parameter number 1.
ERROR   2020-10-18 14:36:26,015 [http-nio-8080-exec-757] system.controllers.GetProductController  - Error at GetProductController: The value is not set for the parameter number 1.
ERROR   2020-10-18 14:39:57,796 [http-nio-8080-exec-765] system.controllers.GetProductController  - Error at GetProductController: The value is not set for the parameter number 1.
ERROR   2020-10-18 14:40:00,485 [http-nio-8080-exec-763] system.controllers.GetProductController  - Error at GetProductController: The value is not set for the parameter number 1.
ERROR   2020-10-18 14:44:36,978 [http-nio-8080-exec-783] system.controllers.GetProductController  - Error at GetProductController: The value is not set for the parameter number 1.
ERROR   2020-10-18 14:44:57,105 [http-nio-8080-exec-782] system.controllers.GetProductController  - Error at GetProductController: The value is not set for the parameter number 1.
ERROR   2020-10-18 14:45:27,042 [http-nio-8080-exec-785] system.controllers.GetProductController  - Error at GetProductController: The value is not set for the parameter number 1.
ERROR   2020-10-18 14:45:33,719 [http-nio-8080-exec-786] system.controllers.GetProductController  - Error at GetProductController: The value is not set for the parameter number 1.
ERROR   2020-10-18 14:54:20,657 [http-nio-8080-exec-819] system.controllers.GetProductController  - Error at GetProductController: The value is not set for the parameter number 1.
ERROR   2020-10-18 14:54:26,036 [http-nio-8080-exec-811] system.controllers.GetProductController  - Error at GetProductController: The value is not set for the parameter number 1.
ERROR   2020-10-18 14:54:30,278 [http-nio-8080-exec-824] system.controllers.GetProductController  - Error at GetProductController: The value is not set for the parameter number 1.
ERROR   2020-10-18 14:54:32,217 [http-nio-8080-exec-821] system.controllers.GetProductController  - Error at GetProductController: The value is not set for the parameter number 1.
ERROR   2020-10-18 14:54:34,005 [http-nio-8080-exec-818] system.controllers.GetProductController  - Error at GetProductController: The value is not set for the parameter number 1.
ERROR   2020-10-18 14:54:35,452 [http-nio-8080-exec-819] system.controllers.GetProductController  - Error at GetProductController: The value is not set for the parameter number 1.
ERROR   2020-10-18 14:57:40,873 [http-nio-8080-exec-827] system.controllers.SearchProductForAdminController  - Error at SearchProductForAdminController: For input string: ""
ERROR   2020-10-18 14:57:42,222 [http-nio-8080-exec-834] system.controllers.SearchProductForAdminController  - Error at SearchProductForAdminController: For input string: ""
ERROR   2020-10-18 14:57:42,486 [http-nio-8080-exec-825] system.controllers.SearchProductForAdminController  - Error at SearchProductForAdminController: For input string: ""
ERROR   2020-10-18 14:57:42,966 [http-nio-8080-exec-831] system.controllers.SearchProductForAdminController  - Error at SearchProductForAdminController: For input string: ""
ERROR   2020-10-18 14:57:43,155 [http-nio-8080-exec-839] system.controllers.SearchProductForAdminController  - Error at SearchProductForAdminController: For input string: ""
ERROR   2020-10-18 14:57:43,318 [http-nio-8080-exec-835] system.controllers.SearchProductForAdminController  - Error at SearchProductForAdminController: For input string: ""
ERROR   2020-10-18 14:57:43,659 [http-nio-8080-exec-842] system.controllers.SearchProductForAdminController  - Error at SearchProductForAdminController: For input string: ""
ERROR   2020-10-18 14:57:43,955 [http-nio-8080-exec-825] system.controllers.SearchProductForAdminController  - Error at SearchProductForAdminController: For input string: ""
ERROR   2020-10-18 14:57:44,599 [http-nio-8080-exec-826] system.controllers.SearchProductForAdminController  - Error at SearchProductForAdminController: For input string: ""
ERROR   2020-10-18 14:57:44,962 [http-nio-8080-exec-836] system.controllers.SearchProductForAdminController  - Error at SearchProductForAdminController: For input string: ""
ERROR   2020-10-18 14:59:11,729 [http-nio-8080-exec-836] system.controllers.SearchProductForAdminController  - Error at SearchProductForAdminController: For input string: ""
ERROR   2020-10-18 14:59:12,130 [http-nio-8080-exec-843] system.controllers.SearchProductForAdminController  - Error at SearchProductForAdminController: For input string: ""
ERROR   2020-10-18 15:00:47,251 [http-nio-8080-exec-846] system.controllers.SearchProductForAdminController  - Error at SearchProductForAdminController: For input string: ""
ERROR   2020-10-18 15:20:35,719 [http-nio-8080-exec-882] system.controllers.GetProductController  - Error at GetProductController: null
ERROR   2020-10-18 15:20:47,978 [http-nio-8080-exec-884] system.controllers.GetProductController  - Error at GetProductController: null
ERROR   2020-10-18 15:20:48,407 [http-nio-8080-exec-896] system.controllers.GetProductController  - Error at GetProductController: null
ERROR   2020-10-18 15:20:48,763 [http-nio-8080-exec-898] system.controllers.GetProductController  - Error at GetProductController: null
ERROR   2020-10-18 15:21:11,561 [http-nio-8080-exec-902] system.controllers.GetProductController  - Error at GetProductController: null
ERROR   2020-10-18 15:21:12,975 [http-nio-8080-exec-897] system.controllers.GetProductController  - Error at GetProductController: empty String
ERROR   2020-10-18 15:21:13,584 [http-nio-8080-exec-901] system.controllers.GetProductController  - Error at GetProductController: null
ERROR   2020-10-18 15:21:14,557 [http-nio-8080-exec-899] system.controllers.GetProductController  - Error at GetProductController: null
ERROR   2020-10-18 15:21:14,803 [http-nio-8080-exec-903] system.controllers.GetProductController  - Error at GetProductController: null
ERROR   2020-10-18 15:21:14,938 [http-nio-8080-exec-896] system.controllers.GetProductController  - Error at GetProductController: null
ERROR   2020-10-18 15:21:15,216 [http-nio-8080-exec-898] system.controllers.GetProductController  - Error at GetProductController: null
ERROR   2020-10-18 15:21:18,392 [http-nio-8080-exec-893] system.controllers.GetProductController  - Error at GetProductController: null
ERROR   2020-10-18 15:21:18,682 [http-nio-8080-exec-905] system.controllers.GetProductController  - Error at GetProductController: null
ERROR   2020-10-18 15:21:18,813 [http-nio-8080-exec-904] system.controllers.GetProductController  - Error at GetProductController: null
ERROR   2020-10-18 15:21:18,955 [http-nio-8080-exec-902] system.controllers.GetProductController  - Error at GetProductController: null
ERROR   2020-10-18 15:21:19,081 [http-nio-8080-exec-906] system.controllers.GetProductController  - Error at GetProductController: null
ERROR   2020-10-18 15:21:19,238 [http-nio-8080-exec-901] system.controllers.GetProductController  - Error at GetProductController: null
ERROR   2020-10-18 15:21:19,756 [http-nio-8080-exec-907] system.controllers.GetProductController  - Error at GetProductController: null
ERROR   2020-10-18 15:21:20,065 [http-nio-8080-exec-903] system.controllers.GetProductController  - Error at GetProductController: null
ERROR   2020-10-18 15:22:28,479 [http-nio-8080-exec-909] system.controllers.GetProductController  - Error at GetProductController: null
ERROR   2020-10-18 15:22:29,042 [http-nio-8080-exec-911] system.controllers.GetProductController  - Error at GetProductController: null
ERROR   2020-10-18 15:24:25,953 [http-nio-8080-exec-910] system.controllers.GetProductController  - Error at GetProductController: null
ERROR   2020-10-18 15:24:26,465 [http-nio-8080-exec-915] system.controllers.GetProductController  - Error at GetProductController: null
ERROR   2020-10-18 15:24:26,938 [http-nio-8080-exec-912] system.controllers.GetProductController  - Error at GetProductController: null
ERROR   2020-10-18 15:24:27,614 [http-nio-8080-exec-914] system.controllers.GetProductController  - Error at GetProductController: For input string: ""
ERROR   2020-10-18 15:24:27,892 [http-nio-8080-exec-907] system.controllers.GetProductController  - Error at GetProductController: For input string: ""
ERROR   2020-10-18 15:28:20,029 [http-nio-8080-exec-925] system.controllers.GetProductController  - Error at GetProductController: empty String
ERROR   2020-10-18 15:28:21,699 [http-nio-8080-exec-921] system.controllers.GetProductController  - Error at GetProductController: For input string: ""
ERROR   2020-10-18 15:28:22,477 [http-nio-8080-exec-913] system.controllers.GetProductController  - Error at GetProductController: For input string: ""
ERROR   2020-10-18 15:28:22,893 [http-nio-8080-exec-928] system.controllers.GetProductController  - Error at GetProductController: For input string: ""
ERROR   2020-10-18 15:28:59,655 [http-nio-8080-exec-934] system.controllers.GetProductController  - Error at GetProductController: empty String
ERROR   2020-10-18 15:29:53,011 [http-nio-8080-exec-936] system.controllers.GetProductController  - Error at GetProductController: empty String
ERROR   2020-10-18 15:33:38,215 [http-nio-8080-exec-938] system.controllers.GetProductController  - Error at GetProductController: null
ERROR   2020-10-18 15:33:42,650 [http-nio-8080-exec-936] system.controllers.GetProductController  - Error at GetProductController: null
ERROR   2020-10-18 15:33:49,023 [http-nio-8080-exec-931] system.controllers.GetProductController  - Error at GetProductController: null
ERROR   2020-10-18 15:33:50,454 [http-nio-8080-exec-933] system.controllers.GetProductController  - Error at GetProductController: null
ERROR   2020-10-18 15:33:50,860 [http-nio-8080-exec-942] system.controllers.GetProductController  - Error at GetProductController: null
ERROR   2020-10-18 15:33:51,596 [http-nio-8080-exec-937] system.controllers.GetProductController  - Error at GetProductController: null
ERROR   2020-10-18 15:33:52,061 [http-nio-8080-exec-938] system.controllers.GetProductController  - Error at GetProductController: null
ERROR   2020-10-18 15:33:52,228 [http-nio-8080-exec-943] system.controllers.GetProductController  - Error at GetProductController: null
ERROR   2020-10-18 15:34:32,950 [http-nio-8080-exec-951] system.controllers.GetProductController  - Error at GetProductController: null
ERROR   2020-10-18 15:34:34,164 [http-nio-8080-exec-949] system.controllers.GetProductController  - Error at GetProductController: null
ERROR   2020-10-18 15:34:34,646 [http-nio-8080-exec-945] system.controllers.GetProductController  - Error at GetProductController: null
ERROR   2020-10-18 15:34:34,820 [http-nio-8080-exec-948] system.controllers.GetProductController  - Error at GetProductController: null
ERROR   2020-10-18 15:34:34,986 [http-nio-8080-exec-943] system.controllers.GetProductController  - Error at GetProductController: null
ERROR   2020-10-18 15:34:35,141 [http-nio-8080-exec-935] system.controllers.GetProductController  - Error at GetProductController: null
ERROR   2020-10-18 15:34:35,293 [http-nio-8080-exec-942] system.controllers.GetProductController  - Error at GetProductController: null
ERROR   2020-10-18 15:34:35,605 [http-nio-8080-exec-938] system.controllers.GetProductController  - Error at GetProductController: null
ERROR   2020-10-18 15:34:46,824 [http-nio-8080-exec-945] system.controllers.GetProductController  - Error at GetProductController: null
ERROR   2020-10-18 15:37:28,642 [http-nio-8080-exec-958] system.controllers.GetProductController  - Error at GetProductController: null
ERROR   2020-10-18 15:39:38,676 [http-nio-8080-exec-978] system.controllers.GetProductController  - Error at GetProductController: empty String
ERROR   2020-10-18 15:39:40,044 [http-nio-8080-exec-970] system.controllers.GetProductController  - Error at GetProductController: For input string: ""
ERROR   2020-10-18 15:39:40,680 [http-nio-8080-exec-972] system.controllers.GetProductController  - Error at GetProductController: For input string: ""
ERROR   2020-10-18 16:22:36,858 [http-nio-8080-exec-1090] system.controllers.ConfirmCartController  - Error at ConfirmCartController: null
ERROR   2020-10-23 11:15:44,659 [http-nio-8084-exec-10] system.controllers.FilterDispatcher  - Error at FilterDispatcher: java.io.IOException: An established connection was aborted by the software in your host machine
ERROR   2020-10-23 11:36:14,511 [http-nio-8084-exec-2] system.controllers.CreateProductController  - Error at CreateProductController: Destination 'E:\CN5\Java_Web_Lab_321\SE140022_PhamLePhucAnh_ASM2\J3.L.P0011_YellowMoonShop\build\web\img\tiramisu.jpg' already exists
ERROR   2020-10-23 11:37:00,403 [http-nio-8084-exec-7] system.controllers.CreateProductController  - Error at CreateProductController: Destination 'E:\CN5\Java_Web_Lab_321\SE140022_PhamLePhucAnh_ASM2\J3.L.P0011_YellowMoonShop\build\web\img\banh-trung-thu-trang-vang.jpg' already exists
ERROR   2020-10-23 11:37:43,552 [http-nio-8084-exec-5] system.controllers.UpdateProductController  - Error at UpdateProductController: Destination 'E:\CN5\Java_Web_Lab_321\SE140022_PhamLePhucAnh_ASM2\J3.L.P0011_YellowMoonShop\build\web\img\classic.jpg' already exists
ERROR   2020-10-23 11:38:03,646 [http-nio-8084-exec-7] system.controllers.UpdateProductController  - Error at UpdateProductController: Destination 'E:\CN5\Java_Web_Lab_321\SE140022_PhamLePhucAnh_ASM2\J3.L.P0011_YellowMoonShop\build\web\img\classic.jpg' already exists
ERROR   2020-10-23 11:39:52,881 [http-nio-8084-exec-6] system.controllers.CreateProductController  - Error at CreateProductController: Destination 'E:\CN5\Java_Web_Lab_321\SE140022_PhamLePhucAnh_ASM2\J3.L.P0011_YellowMoonShop\build\web\img\trungthu-4b.jpg' already exists
ERROR   2020-10-23 11:44:09,499 [http-nio-8084-exec-24] system.controllers.FilterDispatcher  - Error at FilterDispatcher: java.io.IOException: An established connection was aborted by the software in your host machine
ERROR   2020-10-23 11:44:54,276 [http-nio-8084-exec-20] system.controllers.FilterDispatcher  - Error at FilterDispatcher: java.io.IOException: An established connection was aborted by the software in your host machine
ERROR   2020-10-23 11:44:54,893 [http-nio-8084-exec-21] system.controllers.FilterDispatcher  - Error at FilterDispatcher: java.io.IOException: An established connection was aborted by the software in your host machine
ERROR   2020-11-02 10:46:02,738 [http-nio-8084-exec-12] system.controllers.FilterDispatcher  - Error at FilterDispatcher: An exception occurred processing [/test.jsp] at line [26]

23:             <tbody>
24:                 <c:forEach items="${requestScope.TEST}" var="test">
25:                     <tr>
26:                         <td>${test.Username}</td>
27:                         <td>${test.Fullname}</td>
28:                         <td>${test.Phone}</td>
29:                         <td>${test.Address}</td>


Stacktrace:
